{
  "uid" : "f9acf988e79b19c8",
  "name" : "ModificationTest()",
  "fullName" : "dataModification.ModificationTest.ModificationTest",
  "historyId" : "a5eb3c6c76ece71fe6585718f6f85d6a",
  "time" : {
    "start" : 1628272480007,
    "stop" : 1628272483152,
    "duration" : 3145
  },
  "description" : "",
  "status" : "broken",
  "statusMessage" : "unknown error: Chrome failed to start: exited abnormally.\n  (unknown error: DevToolsActivePort file doesn't exist)\n  (The process started from chrome location /usr/bin/google-chrome is no longer running, so ChromeDriver is assuming that Chrome has crashed.)\nBuild info: version: '4.0.0-alpha-2', revision: 'f148142cf8', time: '2019-07-01T20:55:26'\nSystem info: host: 'fv-az77-771', ip: '10.1.0.82', os.name: 'Linux', os.arch: 'amd64', os.version: '5.8.0-1039-azure', java.version: '1.8.0_302'\nDriver info: driver.version: ChromeDriver\nremote stacktrace: #0 0x556fba6938c3 <unknown>\n#1 0x556fba406ae8 <unknown>\n#2 0x556fba429705 <unknown>\n#3 0x556fba424eea <unknown>\n#4 0x556fba45eb17 <unknown>\n#5 0x556fba458e63 <unknown>\n#6 0x556fba42f883 <unknown>\n#7 0x556fba430935 <unknown>\n#8 0x556fba6c1b63 <unknown>\n#9 0x556fba6d526b <unknown>\n#10 0x556fba6d64ef <unknown>\n#11 0x556fba6c2c70 <unknown>\n#12 0x556fba6d6a85 <unknown>\n#13 0x556fba6b8d4b <unknown>\n#14 0x556fba6f05a8 <unknown>\n#15 0x556fba6f0728 <unknown>\n#16 0x556fba70a1ed <unknown>\n#17 0x7f9e75b74609 start_thread\n",
  "statusTrace" : "org.openqa.selenium.WebDriverException: unknown error: Chrome failed to start: exited abnormally.\n  (unknown error: DevToolsActivePort file doesn't exist)\n  (The process started from chrome location /usr/bin/google-chrome is no longer running, so ChromeDriver is assuming that Chrome has crashed.)\nBuild info: version: '4.0.0-alpha-2', revision: 'f148142cf8', time: '2019-07-01T20:55:26'\nSystem info: host: 'fv-az77-771', ip: '10.1.0.82', os.name: 'Linux', os.arch: 'amd64', os.version: '5.8.0-1039-azure', java.version: '1.8.0_302'\nDriver info: driver.version: ChromeDriver\nremote stacktrace: #0 0x556fba6938c3 <unknown>\n#1 0x556fba406ae8 <unknown>\n#2 0x556fba429705 <unknown>\n#3 0x556fba424eea <unknown>\n#4 0x556fba45eb17 <unknown>\n#5 0x556fba458e63 <unknown>\n#6 0x556fba42f883 <unknown>\n#7 0x556fba430935 <unknown>\n#8 0x556fba6c1b63 <unknown>\n#9 0x556fba6d526b <unknown>\n#10 0x556fba6d64ef <unknown>\n#11 0x556fba6c2c70 <unknown>\n#12 0x556fba6d6a85 <unknown>\n#13 0x556fba6b8d4b <unknown>\n#14 0x556fba6f05a8 <unknown>\n#15 0x556fba6f0728 <unknown>\n#16 0x556fba70a1ed <unknown>\n#17 0x7f9e75b74609 start_thread\n\n\tat sun.reflect.NativeConstructorAccessorImpl.newInstance0(Native Method)\n\tat sun.reflect.NativeConstructorAccessorImpl.newInstance(NativeConstructorAccessorImpl.java:62)\n\tat sun.reflect.DelegatingConstructorAccessorImpl.newInstance(DelegatingConstructorAccessorImpl.java:45)\n\tat java.lang.reflect.Constructor.newInstance(Constructor.java:423)\n\tat org.openqa.selenium.remote.W3CHandshakeResponse.lambda$errorHandler$0(W3CHandshakeResponse.java:62)\n\tat org.openqa.selenium.remote.HandshakeResponse.lambda$getResponseFunction$0(HandshakeResponse.java:30)\n\tat org.openqa.selenium.remote.ProtocolHandshake.lambda$createSession$1(ProtocolHandshake.java:127)\n\tat java.util.stream.ReferencePipeline$3$1.accept(ReferencePipeline.java:193)\n\tat java.util.Spliterators$ArraySpliterator.tryAdvance(Spliterators.java:958)\n\tat java.util.stream.ReferencePipeline.forEachWithCancel(ReferencePipeline.java:126)\n\tat java.util.stream.AbstractPipeline.copyIntoWithCancel(AbstractPipeline.java:499)\n\tat java.util.stream.AbstractPipeline.copyInto(AbstractPipeline.java:486)\n\tat java.util.stream.AbstractPipeline.wrapAndCopyInto(AbstractPipeline.java:472)\n\tat java.util.stream.FindOps$FindOp.evaluateSequential(FindOps.java:152)\n\tat java.util.stream.AbstractPipeline.evaluate(AbstractPipeline.java:234)\n\tat java.util.stream.ReferencePipeline.findFirst(ReferencePipeline.java:531)\n\tat org.openqa.selenium.remote.ProtocolHandshake.createSession(ProtocolHandshake.java:129)\n\tat org.openqa.selenium.remote.ProtocolHandshake.createSession(ProtocolHandshake.java:75)\n\tat org.openqa.selenium.remote.HttpCommandExecutor.execute(HttpCommandExecutor.java:139)\n\tat org.openqa.selenium.remote.service.DriverCommandExecutor.execute(DriverCommandExecutor.java:83)\n\tat org.openqa.selenium.remote.RemoteWebDriver.execute(RemoteWebDriver.java:576)\n\tat org.openqa.selenium.remote.RemoteWebDriver.startSession(RemoteWebDriver.java:210)\n\tat org.openqa.selenium.remote.RemoteWebDriver.<init>(RemoteWebDriver.java:130)\n\tat org.openqa.selenium.chromium.ChromiumDriver.<init>(ChromiumDriver.java:73)\n\tat org.openqa.selenium.chrome.ChromeDriver.<init>(ChromeDriver.java:163)\n\tat org.openqa.selenium.chrome.ChromeDriver.<init>(ChromeDriver.java:150)\n\tat org.openqa.selenium.chrome.ChromeDriver.<init>(ChromeDriver.java:139)\n\tat base.BaseTest.setUp(BaseTest.java:30)\n\tat sun.reflect.NativeMethodAccessorImpl.invoke0(Native Method)\n\tat sun.reflect.NativeMethodAccessorImpl.invoke(NativeMethodAccessorImpl.java:62)\n\tat sun.reflect.DelegatingMethodAccessorImpl.invoke(DelegatingMethodAccessorImpl.java:43)\n\tat java.lang.reflect.Method.invoke(Method.java:498)\n\tat org.junit.platform.commons.util.ReflectionUtils.invokeMethod(ReflectionUtils.java:688)\n\tat org.junit.jupiter.engine.execution.MethodInvocation.proceed(MethodInvocation.java:60)\n\tat org.junit.jupiter.engine.execution.InvocationInterceptorChain$ValidatingInvocation.proceed(InvocationInterceptorChain.java:131)\n\tat io.qameta.allure.junit5.AllureJunit5.processFixture(AllureJunit5.java:87)\n\tat io.qameta.allure.junit5.AllureJunit5.interceptBeforeEachMethod(AllureJunit5.java:65)\n\tat org.junit.jupiter.engine.execution.ExecutableInvoker$ReflectiveInterceptorCall.lambda$ofVoidMethod$0(ExecutableInvoker.java:115)\n\tat org.junit.jupiter.engine.execution.ExecutableInvoker.lambda$invoke$0(ExecutableInvoker.java:105)\n\tat org.junit.jupiter.engine.execution.InvocationInterceptorChain$InterceptedInvocation.proceed(InvocationInterceptorChain.java:106)\n\tat org.junit.jupiter.engine.extension.TimeoutExtension.intercept(TimeoutExtension.java:149)\n\tat org.junit.jupiter.engine.extension.TimeoutExtension.interceptLifecycleMethod(TimeoutExtension.java:126)\n\tat org.junit.jupiter.engine.extension.TimeoutExtension.interceptBeforeEachMethod(TimeoutExtension.java:76)\n\tat org.junit.jupiter.engine.execution.ExecutableInvoker$ReflectiveInterceptorCall.lambda$ofVoidMethod$0(ExecutableInvoker.java:115)\n\tat org.junit.jupiter.engine.execution.ExecutableInvoker.lambda$invoke$0(ExecutableInvoker.java:105)\n\tat org.junit.jupiter.engine.execution.InvocationInterceptorChain$InterceptedInvocation.proceed(InvocationInterceptorChain.java:106)\n\tat org.junit.jupiter.engine.execution.InvocationInterceptorChain.proceed(InvocationInterceptorChain.java:64)\n\tat org.junit.jupiter.engine.execution.InvocationInterceptorChain.chainAndInvoke(InvocationInterceptorChain.java:45)\n\tat org.junit.jupiter.engine.execution.InvocationInterceptorChain.invoke(InvocationInterceptorChain.java:37)\n\tat org.junit.jupiter.engine.execution.ExecutableInvoker.invoke(ExecutableInvoker.java:104)\n\tat org.junit.jupiter.engine.execution.ExecutableInvoker.invoke(ExecutableInvoker.java:98)\n\tat org.junit.jupiter.engine.descriptor.ClassBasedTestDescriptor.invokeMethodInExtensionContext(ClassBasedTestDescriptor.java:490)\n\tat org.junit.jupiter.engine.descriptor.ClassBasedTestDescriptor.lambda$synthesizeBeforeEachMethodAdapter$19(ClassBasedTestDescriptor.java:475)\n\tat org.junit.jupiter.engine.descriptor.TestMethodTestDescriptor.lambda$invokeBeforeEachMethods$2(TestMethodTestDescriptor.java:167)\n\tat org.junit.jupiter.engine.descriptor.TestMethodTestDescriptor.lambda$invokeBeforeMethodsOrCallbacksUntilExceptionOccurs$5(TestMethodTestDescriptor.java:195)\n\tat org.junit.platform.engine.support.hierarchical.ThrowableCollector.execute(ThrowableCollector.java:73)\n\tat org.junit.jupiter.engine.descriptor.TestMethodTestDescriptor.invokeBeforeMethodsOrCallbacksUntilExceptionOccurs(TestMethodTestDescriptor.java:195)\n\tat org.junit.jupiter.engine.descriptor.TestMethodTestDescriptor.invokeBeforeEachMethods(TestMethodTestDescriptor.java:164)\n\tat org.junit.jupiter.engine.descriptor.TestMethodTestDescriptor.execute(TestMethodTestDescriptor.java:127)\n\tat org.junit.jupiter.engine.descriptor.TestMethodTestDescriptor.execute(TestMethodTestDescriptor.java:65)\n\tat org.junit.platform.engine.support.hierarchical.NodeTestTask.lambda$executeRecursively$5(NodeTestTask.java:139)\n\tat org.junit.platform.engine.support.hierarchical.ThrowableCollector.execute(ThrowableCollector.java:73)\n\tat org.junit.platform.engine.support.hierarchical.NodeTestTask.lambda$executeRecursively$7(NodeTestTask.java:129)\n\tat org.junit.platform.engine.support.hierarchical.Node.around(Node.java:137)\n\tat org.junit.platform.engine.support.hierarchical.NodeTestTask.lambda$executeRecursively$8(NodeTestTask.java:127)\n\tat org.junit.platform.engine.support.hierarchical.ThrowableCollector.execute(ThrowableCollector.java:73)\n\tat org.junit.platform.engine.support.hierarchical.NodeTestTask.executeRecursively(NodeTestTask.java:126)\n\tat org.junit.platform.engine.support.hierarchical.NodeTestTask.execute(NodeTestTask.java:84)\n\tat org.junit.platform.engine.support.hierarchical.ForkJoinPoolHierarchicalTestExecutorService$ExclusiveTask.compute(ForkJoinPoolHierarchicalTestExecutorService.java:185)\n\tat org.junit.platform.engine.support.hierarchical.ForkJoinPoolHierarchicalTestExecutorService.invokeAll(ForkJoinPoolHierarchicalTestExecutorService.java:129)\n\tat org.junit.platform.engine.support.hierarchical.NodeTestTask.lambda$executeRecursively$5(NodeTestTask.java:143)\n\tat org.junit.platform.engine.support.hierarchical.ThrowableCollector.execute(ThrowableCollector.java:73)\n\tat org.junit.platform.engine.support.hierarchical.NodeTestTask.lambda$executeRecursively$7(NodeTestTask.java:129)\n\tat org.junit.platform.engine.support.hierarchical.Node.around(Node.java:137)\n\tat org.junit.platform.engine.support.hierarchical.NodeTestTask.lambda$executeRecursively$8(NodeTestTask.java:127)\n\tat org.junit.platform.engine.support.hierarchical.ThrowableCollector.execute(ThrowableCollector.java:73)\n\tat org.junit.platform.engine.support.hierarchical.NodeTestTask.executeRecursively(NodeTestTask.java:126)\n\tat org.junit.platform.engine.support.hierarchical.NodeTestTask.execute(NodeTestTask.java:84)\n\tat org.junit.platform.engine.support.hierarchical.ForkJoinPoolHierarchicalTestExecutorService$ExclusiveTask.compute(ForkJoinPoolHierarchicalTestExecutorService.java:185)\n\tat org.junit.platform.engine.support.hierarchical.ForkJoinPoolHierarchicalTestExecutorService.executeNonConcurrentTasks(ForkJoinPoolHierarchicalTestExecutorService.java:155)\n\tat org.junit.platform.engine.support.hierarchical.ForkJoinPoolHierarchicalTestExecutorService.invokeAll(ForkJoinPoolHierarchicalTestExecutorService.java:135)\n\tat org.junit.platform.engine.support.hierarchical.NodeTestTask.lambda$executeRecursively$5(NodeTestTask.java:143)\n\tat org.junit.platform.engine.support.hierarchical.ThrowableCollector.execute(ThrowableCollector.java:73)\n\tat org.junit.platform.engine.support.hierarchical.NodeTestTask.lambda$executeRecursively$7(NodeTestTask.java:129)\n\tat org.junit.platform.engine.support.hierarchical.Node.around(Node.java:137)\n\tat org.junit.platform.engine.support.hierarchical.NodeTestTask.lambda$executeRecursively$8(NodeTestTask.java:127)\n\tat org.junit.platform.engine.support.hierarchical.ThrowableCollector.execute(ThrowableCollector.java:73)\n\tat org.junit.platform.engine.support.hierarchical.NodeTestTask.executeRecursively(NodeTestTask.java:126)\n\tat org.junit.platform.engine.support.hierarchical.NodeTestTask.execute(NodeTestTask.java:84)\n\tat org.junit.platform.engine.support.hierarchical.ForkJoinPoolHierarchicalTestExecutorService$ExclusiveTask.compute(ForkJoinPoolHierarchicalTestExecutorService.java:185)\n\tat java.util.concurrent.RecursiveAction.exec(RecursiveAction.java:189)\n\tat java.util.concurrent.ForkJoinTask.doExec(ForkJoinTask.java:289)\n\tat java.util.concurrent.ForkJoinPool$WorkQueue.runTask(ForkJoinPool.java:1056)\n\tat java.util.concurrent.ForkJoinPool.runWorker(ForkJoinPool.java:1692)\n\tat java.util.concurrent.ForkJoinWorkerThread.run(ForkJoinWorkerThread.java:175)\n\tSuppressed: java.lang.NullPointerException\n\t\tat base.BaseTest.tearDown(BaseTest.java:57)\n\t\tat sun.reflect.NativeMethodAccessorImpl.invoke0(Native Method)\n\t\tat sun.reflect.NativeMethodAccessorImpl.invoke(NativeMethodAccessorImpl.java:62)\n\t\tat sun.reflect.DelegatingMethodAccessorImpl.invoke(DelegatingMethodAccessorImpl.java:43)\n\t\tat java.lang.reflect.Method.invoke(Method.java:498)\n\t\tat org.junit.platform.commons.util.ReflectionUtils.invokeMethod(ReflectionUtils.java:688)\n\t\tat org.junit.jupiter.engine.execution.MethodInvocation.proceed(MethodInvocation.java:60)\n\t\tat org.junit.jupiter.engine.execution.InvocationInterceptorChain$ValidatingInvocation.proceed(InvocationInterceptorChain.java:131)\n\t\tat io.qameta.allure.junit5.AllureJunit5.processFixture(AllureJunit5.java:87)\n\t\tat io.qameta.allure.junit5.AllureJunit5.interceptAfterEachMethod(AllureJunit5.java:73)\n\t\tat org.junit.jupiter.engine.execution.ExecutableInvoker$ReflectiveInterceptorCall.lambda$ofVoidMethod$0(ExecutableInvoker.java:115)\n\t\tat org.junit.jupiter.engine.execution.ExecutableInvoker.lambda$invoke$0(ExecutableInvoker.java:105)\n\t\tat org.junit.jupiter.engine.execution.InvocationInterceptorChain$InterceptedInvocation.proceed(InvocationInterceptorChain.java:106)\n\t\tat org.junit.jupiter.engine.extension.TimeoutExtension.intercept(TimeoutExtension.java:149)\n\t\tat org.junit.jupiter.engine.extension.TimeoutExtension.interceptLifecycleMethod(TimeoutExtension.java:126)\n\t\tat org.junit.jupiter.engine.extension.TimeoutExtension.interceptAfterEachMethod(TimeoutExtension.java:108)\n\t\tat org.junit.jupiter.engine.execution.ExecutableInvoker$ReflectiveInterceptorCall.lambda$ofVoidMethod$0(ExecutableInvoker.java:115)\n\t\tat org.junit.jupiter.engine.execution.ExecutableInvoker.lambda$invoke$0(ExecutableInvoker.java:105)\n\t\tat org.junit.jupiter.engine.execution.InvocationInterceptorChain$InterceptedInvocation.proceed(InvocationInterceptorChain.java:106)\n\t\tat org.junit.jupiter.engine.execution.InvocationInterceptorChain.proceed(InvocationInterceptorChain.java:64)\n\t\tat org.junit.jupiter.engine.execution.InvocationInterceptorChain.chainAndInvoke(InvocationInterceptorChain.java:45)\n\t\tat org.junit.jupiter.engine.execution.InvocationInterceptorChain.invoke(InvocationInterceptorChain.java:37)\n\t\tat org.junit.jupiter.engine.execution.ExecutableInvoker.invoke(ExecutableInvoker.java:104)\n\t\tat org.junit.jupiter.engine.execution.ExecutableInvoker.invoke(ExecutableInvoker.java:98)\n\t\tat org.junit.jupiter.engine.descriptor.ClassBasedTestDescriptor.invokeMethodInExtensionContext(ClassBasedTestDescriptor.java:490)\n\t\tat org.junit.jupiter.engine.descriptor.ClassBasedTestDescriptor.lambda$synthesizeAfterEachMethodAdapter$20(ClassBasedTestDescriptor.java:480)\n\t\tat org.junit.jupiter.engine.descriptor.TestMethodTestDescriptor.lambda$invokeAfterEachMethods$9(TestMethodTestDescriptor.java:236)\n\t\tat org.junit.jupiter.engine.descriptor.TestMethodTestDescriptor.lambda$invokeAllAfterMethodsOrCallbacks$12(TestMethodTestDescriptor.java:269)\n\t\tat org.junit.platform.engine.support.hierarchical.ThrowableCollector.execute(ThrowableCollector.java:73)\n\t\tat org.junit.jupiter.engine.descriptor.TestMethodTestDescriptor.lambda$invokeAllAfterMethodsOrCallbacks$13(TestMethodTestDescriptor.java:269)\n\t\tat java.util.ArrayList.forEach(ArrayList.java:1259)\n\t\tat org.junit.jupiter.engine.descriptor.TestMethodTestDescriptor.invokeAllAfterMethodsOrCallbacks(TestMethodTestDescriptor.java:268)\n\t\tat org.junit.jupiter.engine.descriptor.TestMethodTestDescriptor.invokeAfterEachMethods(TestMethodTestDescriptor.java:234)\n\t\tat org.junit.jupiter.engine.descriptor.TestMethodTestDescriptor.execute(TestMethodTestDescriptor.java:135)\n\t\t... 36 more\n",
  "flaky" : false,
  "newFailed" : false,
  "beforeStages" : [ {
    "name" : "setUp",
    "time" : {
      "start" : 1628272480008,
      "stop" : 1628272480150,
      "duration" : 142
    },
    "status" : "broken",
    "statusMessage" : "unknown error: Chrome failed to start: exited abnormally.\n  (unknown error: DevToolsActivePort file doesn't exist)\n  (The process started from chrome location /usr/bin/google-chrome is no longer running, so ChromeDriver is assuming that Chrome has crashed.)\nBuild info: version: '4.0.0-alpha-2', revision: 'f148142cf8', time: '2019-07-01T20:55:26'\nSystem info: host: 'fv-az77-771', ip: '10.1.0.82', os.name: 'Linux', os.arch: 'amd64', os.version: '5.8.0-1039-azure', java.version: '1.8.0_302'\nDriver info: driver.version: ChromeDriver\nremote stacktrace: #0 0x556fba6938c3 <unknown>\n#1 0x556fba406ae8 <unknown>\n#2 0x556fba429705 <unknown>\n#3 0x556fba424eea <unknown>\n#4 0x556fba45eb17 <unknown>\n#5 0x556fba458e63 <unknown>\n#6 0x556fba42f883 <unknown>\n#7 0x556fba430935 <unknown>\n#8 0x556fba6c1b63 <unknown>\n#9 0x556fba6d526b <unknown>\n#10 0x556fba6d64ef <unknown>\n#11 0x556fba6c2c70 <unknown>\n#12 0x556fba6d6a85 <unknown>\n#13 0x556fba6b8d4b <unknown>\n#14 0x556fba6f05a8 <unknown>\n#15 0x556fba6f0728 <unknown>\n#16 0x556fba70a1ed <unknown>\n#17 0x7f9e75b74609 start_thread\n",
    "statusTrace" : "org.openqa.selenium.WebDriverException: unknown error: Chrome failed to start: exited abnormally.\n  (unknown error: DevToolsActivePort file doesn't exist)\n  (The process started from chrome location /usr/bin/google-chrome is no longer running, so ChromeDriver is assuming that Chrome has crashed.)\nBuild info: version: '4.0.0-alpha-2', revision: 'f148142cf8', time: '2019-07-01T20:55:26'\nSystem info: host: 'fv-az77-771', ip: '10.1.0.82', os.name: 'Linux', os.arch: 'amd64', os.version: '5.8.0-1039-azure', java.version: '1.8.0_302'\nDriver info: driver.version: ChromeDriver\nremote stacktrace: #0 0x556fba6938c3 <unknown>\n#1 0x556fba406ae8 <unknown>\n#2 0x556fba429705 <unknown>\n#3 0x556fba424eea <unknown>\n#4 0x556fba45eb17 <unknown>\n#5 0x556fba458e63 <unknown>\n#6 0x556fba42f883 <unknown>\n#7 0x556fba430935 <unknown>\n#8 0x556fba6c1b63 <unknown>\n#9 0x556fba6d526b <unknown>\n#10 0x556fba6d64ef <unknown>\n#11 0x556fba6c2c70 <unknown>\n#12 0x556fba6d6a85 <unknown>\n#13 0x556fba6b8d4b <unknown>\n#14 0x556fba6f05a8 <unknown>\n#15 0x556fba6f0728 <unknown>\n#16 0x556fba70a1ed <unknown>\n#17 0x7f9e75b74609 start_thread\n\n\tat sun.reflect.NativeConstructorAccessorImpl.newInstance0(Native Method)\n\tat sun.reflect.NativeConstructorAccessorImpl.newInstance(NativeConstructorAccessorImpl.java:62)\n\tat sun.reflect.DelegatingConstructorAccessorImpl.newInstance(DelegatingConstructorAccessorImpl.java:45)\n\tat java.lang.reflect.Constructor.newInstance(Constructor.java:423)\n\tat org.openqa.selenium.remote.W3CHandshakeResponse.lambda$errorHandler$0(W3CHandshakeResponse.java:62)\n\tat org.openqa.selenium.remote.HandshakeResponse.lambda$getResponseFunction$0(HandshakeResponse.java:30)\n\tat org.openqa.selenium.remote.ProtocolHandshake.lambda$createSession$1(ProtocolHandshake.java:127)\n\tat java.util.stream.ReferencePipeline$3$1.accept(ReferencePipeline.java:193)\n\tat java.util.Spliterators$ArraySpliterator.tryAdvance(Spliterators.java:958)\n\tat java.util.stream.ReferencePipeline.forEachWithCancel(ReferencePipeline.java:126)\n\tat java.util.stream.AbstractPipeline.copyIntoWithCancel(AbstractPipeline.java:499)\n\tat java.util.stream.AbstractPipeline.copyInto(AbstractPipeline.java:486)\n\tat java.util.stream.AbstractPipeline.wrapAndCopyInto(AbstractPipeline.java:472)\n\tat java.util.stream.FindOps$FindOp.evaluateSequential(FindOps.java:152)\n\tat java.util.stream.AbstractPipeline.evaluate(AbstractPipeline.java:234)\n\tat java.util.stream.ReferencePipeline.findFirst(ReferencePipeline.java:531)\n\tat org.openqa.selenium.remote.ProtocolHandshake.createSession(ProtocolHandshake.java:129)\n\tat org.openqa.selenium.remote.ProtocolHandshake.createSession(ProtocolHandshake.java:75)\n\tat org.openqa.selenium.remote.HttpCommandExecutor.execute(HttpCommandExecutor.java:139)\n\tat org.openqa.selenium.remote.service.DriverCommandExecutor.execute(DriverCommandExecutor.java:83)\n\tat org.openqa.selenium.remote.RemoteWebDriver.execute(RemoteWebDriver.java:576)\n\tat org.openqa.selenium.remote.RemoteWebDriver.startSession(RemoteWebDriver.java:210)\n\tat org.openqa.selenium.remote.RemoteWebDriver.<init>(RemoteWebDriver.java:130)\n\tat org.openqa.selenium.chromium.ChromiumDriver.<init>(ChromiumDriver.java:73)\n\tat org.openqa.selenium.chrome.ChromeDriver.<init>(ChromeDriver.java:163)\n\tat org.openqa.selenium.chrome.ChromeDriver.<init>(ChromeDriver.java:150)\n\tat org.openqa.selenium.chrome.ChromeDriver.<init>(ChromeDriver.java:139)\n\tat base.BaseTest.setUp(BaseTest.java:30)\n\tat sun.reflect.NativeMethodAccessorImpl.invoke0(Native Method)\n\tat sun.reflect.NativeMethodAccessorImpl.invoke(NativeMethodAccessorImpl.java:62)\n\tat sun.reflect.DelegatingMethodAccessorImpl.invoke(DelegatingMethodAccessorImpl.java:43)\n\tat java.lang.reflect.Method.invoke(Method.java:498)\n\tat org.junit.platform.commons.util.ReflectionUtils.invokeMethod(ReflectionUtils.java:688)\n\tat org.junit.jupiter.engine.execution.MethodInvocation.proceed(MethodInvocation.java:60)\n\tat org.junit.jupiter.engine.execution.InvocationInterceptorChain$ValidatingInvocation.proceed(InvocationInterceptorChain.java:131)\n\tat io.qameta.allure.junit5.AllureJunit5.processFixture(AllureJunit5.java:87)\n\tat io.qameta.allure.junit5.AllureJunit5.interceptBeforeEachMethod(AllureJunit5.java:65)\n\tat org.junit.jupiter.engine.execution.ExecutableInvoker$ReflectiveInterceptorCall.lambda$ofVoidMethod$0(ExecutableInvoker.java:115)\n\tat org.junit.jupiter.engine.execution.ExecutableInvoker.lambda$invoke$0(ExecutableInvoker.java:105)\n\tat org.junit.jupiter.engine.execution.InvocationInterceptorChain$InterceptedInvocation.proceed(InvocationInterceptorChain.java:106)\n\tat org.junit.jupiter.engine.extension.TimeoutExtension.intercept(TimeoutExtension.java:149)\n\tat org.junit.jupiter.engine.extension.TimeoutExtension.interceptLifecycleMethod(TimeoutExtension.java:126)\n\tat org.junit.jupiter.engine.extension.TimeoutExtension.interceptBeforeEachMethod(TimeoutExtension.java:76)\n\tat org.junit.jupiter.engine.execution.ExecutableInvoker$ReflectiveInterceptorCall.lambda$ofVoidMethod$0(ExecutableInvoker.java:115)\n\tat org.junit.jupiter.engine.execution.ExecutableInvoker.lambda$invoke$0(ExecutableInvoker.java:105)\n\tat org.junit.jupiter.engine.execution.InvocationInterceptorChain$InterceptedInvocation.proceed(InvocationInterceptorChain.java:106)\n\tat org.junit.jupiter.engine.execution.InvocationInterceptorChain.proceed(InvocationInterceptorChain.java:64)\n\tat org.junit.jupiter.engine.execution.InvocationInterceptorChain.chainAndInvoke(InvocationInterceptorChain.java:45)\n\tat org.junit.jupiter.engine.execution.InvocationInterceptorChain.invoke(InvocationInterceptorChain.java:37)\n\tat org.junit.jupiter.engine.execution.ExecutableInvoker.invoke(ExecutableInvoker.java:104)\n\tat org.junit.jupiter.engine.execution.ExecutableInvoker.invoke(ExecutableInvoker.java:98)\n\tat org.junit.jupiter.engine.descriptor.ClassBasedTestDescriptor.invokeMethodInExtensionContext(ClassBasedTestDescriptor.java:490)\n\tat org.junit.jupiter.engine.descriptor.ClassBasedTestDescriptor.lambda$synthesizeBeforeEachMethodAdapter$19(ClassBasedTestDescriptor.java:475)\n\tat org.junit.jupiter.engine.descriptor.TestMethodTestDescriptor.lambda$invokeBeforeEachMethods$2(TestMethodTestDescriptor.java:167)\n\tat org.junit.jupiter.engine.descriptor.TestMethodTestDescriptor.lambda$invokeBeforeMethodsOrCallbacksUntilExceptionOccurs$5(TestMethodTestDescriptor.java:195)\n\tat org.junit.platform.engine.support.hierarchical.ThrowableCollector.execute(ThrowableCollector.java:73)\n\tat org.junit.jupiter.engine.descriptor.TestMethodTestDescriptor.invokeBeforeMethodsOrCallbacksUntilExceptionOccurs(TestMethodTestDescriptor.java:195)\n\tat org.junit.jupiter.engine.descriptor.TestMethodTestDescriptor.invokeBeforeEachMethods(TestMethodTestDescriptor.java:164)\n\tat org.junit.jupiter.engine.descriptor.TestMethodTestDescriptor.execute(TestMethodTestDescriptor.java:127)\n\tat org.junit.jupiter.engine.descriptor.TestMethodTestDescriptor.execute(TestMethodTestDescriptor.java:65)\n\tat org.junit.platform.engine.support.hierarchical.NodeTestTask.lambda$executeRecursively$5(NodeTestTask.java:139)\n\tat org.junit.platform.engine.support.hierarchical.ThrowableCollector.execute(ThrowableCollector.java:73)\n\tat org.junit.platform.engine.support.hierarchical.NodeTestTask.lambda$executeRecursively$7(NodeTestTask.java:129)\n\tat org.junit.platform.engine.support.hierarchical.Node.around(Node.java:137)\n\tat org.junit.platform.engine.support.hierarchical.NodeTestTask.lambda$executeRecursively$8(NodeTestTask.java:127)\n\tat org.junit.platform.engine.support.hierarchical.ThrowableCollector.execute(ThrowableCollector.java:73)\n\tat org.junit.platform.engine.support.hierarchical.NodeTestTask.executeRecursively(NodeTestTask.java:126)\n\tat org.junit.platform.engine.support.hierarchical.NodeTestTask.execute(NodeTestTask.java:84)\n\tat org.junit.platform.engine.support.hierarchical.ForkJoinPoolHierarchicalTestExecutorService$ExclusiveTask.compute(ForkJoinPoolHierarchicalTestExecutorService.java:185)\n\tat org.junit.platform.engine.support.hierarchical.ForkJoinPoolHierarchicalTestExecutorService.invokeAll(ForkJoinPoolHierarchicalTestExecutorService.java:129)\n\tat org.junit.platform.engine.support.hierarchical.NodeTestTask.lambda$executeRecursively$5(NodeTestTask.java:143)\n\tat org.junit.platform.engine.support.hierarchical.ThrowableCollector.execute(ThrowableCollector.java:73)\n\tat org.junit.platform.engine.support.hierarchical.NodeTestTask.lambda$executeRecursively$7(NodeTestTask.java:129)\n\tat org.junit.platform.engine.support.hierarchical.Node.around(Node.java:137)\n\tat org.junit.platform.engine.support.hierarchical.NodeTestTask.lambda$executeRecursively$8(NodeTestTask.java:127)\n\tat org.junit.platform.engine.support.hierarchical.ThrowableCollector.execute(ThrowableCollector.java:73)\n\tat org.junit.platform.engine.support.hierarchical.NodeTestTask.executeRecursively(NodeTestTask.java:126)\n\tat org.junit.platform.engine.support.hierarchical.NodeTestTask.execute(NodeTestTask.java:84)\n\tat org.junit.platform.engine.support.hierarchical.ForkJoinPoolHierarchicalTestExecutorService$ExclusiveTask.compute(ForkJoinPoolHierarchicalTestExecutorService.java:185)\n\tat org.junit.platform.engine.support.hierarchical.ForkJoinPoolHierarchicalTestExecutorService.executeNonConcurrentTasks(ForkJoinPoolHierarchicalTestExecutorService.java:155)\n\tat org.junit.platform.engine.support.hierarchical.ForkJoinPoolHierarchicalTestExecutorService.invokeAll(ForkJoinPoolHierarchicalTestExecutorService.java:135)\n\tat org.junit.platform.engine.support.hierarchical.NodeTestTask.lambda$executeRecursively$5(NodeTestTask.java:143)\n\tat org.junit.platform.engine.support.hierarchical.ThrowableCollector.execute(ThrowableCollector.java:73)\n\tat org.junit.platform.engine.support.hierarchical.NodeTestTask.lambda$executeRecursively$7(NodeTestTask.java:129)\n\tat org.junit.platform.engine.support.hierarchical.Node.around(Node.java:137)\n\tat org.junit.platform.engine.support.hierarchical.NodeTestTask.lambda$executeRecursively$8(NodeTestTask.java:127)\n\tat org.junit.platform.engine.support.hierarchical.ThrowableCollector.execute(ThrowableCollector.java:73)\n\tat org.junit.platform.engine.support.hierarchical.NodeTestTask.executeRecursively(NodeTestTask.java:126)\n\tat org.junit.platform.engine.support.hierarchical.NodeTestTask.execute(NodeTestTask.java:84)\n\tat org.junit.platform.engine.support.hierarchical.ForkJoinPoolHierarchicalTestExecutorService$ExclusiveTask.compute(ForkJoinPoolHierarchicalTestExecutorService.java:185)\n\tat java.util.concurrent.RecursiveAction.exec(RecursiveAction.java:189)\n\tat java.util.concurrent.ForkJoinTask.doExec(ForkJoinTask.java:289)\n\tat java.util.concurrent.ForkJoinPool$WorkQueue.runTask(ForkJoinPool.java:1056)\n\tat java.util.concurrent.ForkJoinPool.runWorker(ForkJoinPool.java:1692)\n\tat java.util.concurrent.ForkJoinWorkerThread.run(ForkJoinWorkerThread.java:175)\n",
    "steps" : [ ],
    "attachments" : [ ],
    "parameters" : [ ],
    "shouldDisplayMessage" : true,
    "hasContent" : true,
    "stepsCount" : 0,
    "attachmentsCount" : 0
  } ],
  "afterStages" : [ {
    "name" : "tearDown",
    "time" : {
      "start" : 1628272480150,
      "stop" : 1628272483151,
      "duration" : 3001
    },
    "status" : "broken",
    "statusMessage" : "java.lang.NullPointerException",
    "statusTrace" : "java.lang.NullPointerException\n\tat base.BaseTest.tearDown(BaseTest.java:57)\n\tat sun.reflect.NativeMethodAccessorImpl.invoke0(Native Method)\n\tat sun.reflect.NativeMethodAccessorImpl.invoke(NativeMethodAccessorImpl.java:62)\n\tat sun.reflect.DelegatingMethodAccessorImpl.invoke(DelegatingMethodAccessorImpl.java:43)\n\tat java.lang.reflect.Method.invoke(Method.java:498)\n\tat org.junit.platform.commons.util.ReflectionUtils.invokeMethod(ReflectionUtils.java:688)\n\tat org.junit.jupiter.engine.execution.MethodInvocation.proceed(MethodInvocation.java:60)\n\tat org.junit.jupiter.engine.execution.InvocationInterceptorChain$ValidatingInvocation.proceed(InvocationInterceptorChain.java:131)\n\tat io.qameta.allure.junit5.AllureJunit5.processFixture(AllureJunit5.java:87)\n\tat io.qameta.allure.junit5.AllureJunit5.interceptAfterEachMethod(AllureJunit5.java:73)\n\tat org.junit.jupiter.engine.execution.ExecutableInvoker$ReflectiveInterceptorCall.lambda$ofVoidMethod$0(ExecutableInvoker.java:115)\n\tat org.junit.jupiter.engine.execution.ExecutableInvoker.lambda$invoke$0(ExecutableInvoker.java:105)\n\tat org.junit.jupiter.engine.execution.InvocationInterceptorChain$InterceptedInvocation.proceed(InvocationInterceptorChain.java:106)\n\tat org.junit.jupiter.engine.extension.TimeoutExtension.intercept(TimeoutExtension.java:149)\n\tat org.junit.jupiter.engine.extension.TimeoutExtension.interceptLifecycleMethod(TimeoutExtension.java:126)\n\tat org.junit.jupiter.engine.extension.TimeoutExtension.interceptAfterEachMethod(TimeoutExtension.java:108)\n\tat org.junit.jupiter.engine.execution.ExecutableInvoker$ReflectiveInterceptorCall.lambda$ofVoidMethod$0(ExecutableInvoker.java:115)\n\tat org.junit.jupiter.engine.execution.ExecutableInvoker.lambda$invoke$0(ExecutableInvoker.java:105)\n\tat org.junit.jupiter.engine.execution.InvocationInterceptorChain$InterceptedInvocation.proceed(InvocationInterceptorChain.java:106)\n\tat org.junit.jupiter.engine.execution.InvocationInterceptorChain.proceed(InvocationInterceptorChain.java:64)\n\tat org.junit.jupiter.engine.execution.InvocationInterceptorChain.chainAndInvoke(InvocationInterceptorChain.java:45)\n\tat org.junit.jupiter.engine.execution.InvocationInterceptorChain.invoke(InvocationInterceptorChain.java:37)\n\tat org.junit.jupiter.engine.execution.ExecutableInvoker.invoke(ExecutableInvoker.java:104)\n\tat org.junit.jupiter.engine.execution.ExecutableInvoker.invoke(ExecutableInvoker.java:98)\n\tat org.junit.jupiter.engine.descriptor.ClassBasedTestDescriptor.invokeMethodInExtensionContext(ClassBasedTestDescriptor.java:490)\n\tat org.junit.jupiter.engine.descriptor.ClassBasedTestDescriptor.lambda$synthesizeAfterEachMethodAdapter$20(ClassBasedTestDescriptor.java:480)\n\tat org.junit.jupiter.engine.descriptor.TestMethodTestDescriptor.lambda$invokeAfterEachMethods$9(TestMethodTestDescriptor.java:236)\n\tat org.junit.jupiter.engine.descriptor.TestMethodTestDescriptor.lambda$invokeAllAfterMethodsOrCallbacks$12(TestMethodTestDescriptor.java:269)\n\tat org.junit.platform.engine.support.hierarchical.ThrowableCollector.execute(ThrowableCollector.java:73)\n\tat org.junit.jupiter.engine.descriptor.TestMethodTestDescriptor.lambda$invokeAllAfterMethodsOrCallbacks$13(TestMethodTestDescriptor.java:269)\n\tat java.util.ArrayList.forEach(ArrayList.java:1259)\n\tat org.junit.jupiter.engine.descriptor.TestMethodTestDescriptor.invokeAllAfterMethodsOrCallbacks(TestMethodTestDescriptor.java:268)\n\tat org.junit.jupiter.engine.descriptor.TestMethodTestDescriptor.invokeAfterEachMethods(TestMethodTestDescriptor.java:234)\n\tat org.junit.jupiter.engine.descriptor.TestMethodTestDescriptor.execute(TestMethodTestDescriptor.java:135)\n\tat org.junit.jupiter.engine.descriptor.TestMethodTestDescriptor.execute(TestMethodTestDescriptor.java:65)\n\tat org.junit.platform.engine.support.hierarchical.NodeTestTask.lambda$executeRecursively$5(NodeTestTask.java:139)\n\tat org.junit.platform.engine.support.hierarchical.ThrowableCollector.execute(ThrowableCollector.java:73)\n\tat org.junit.platform.engine.support.hierarchical.NodeTestTask.lambda$executeRecursively$7(NodeTestTask.java:129)\n\tat org.junit.platform.engine.support.hierarchical.Node.around(Node.java:137)\n\tat org.junit.platform.engine.support.hierarchical.NodeTestTask.lambda$executeRecursively$8(NodeTestTask.java:127)\n\tat org.junit.platform.engine.support.hierarchical.ThrowableCollector.execute(ThrowableCollector.java:73)\n\tat org.junit.platform.engine.support.hierarchical.NodeTestTask.executeRecursively(NodeTestTask.java:126)\n\tat org.junit.platform.engine.support.hierarchical.NodeTestTask.execute(NodeTestTask.java:84)\n\tat org.junit.platform.engine.support.hierarchical.ForkJoinPoolHierarchicalTestExecutorService$ExclusiveTask.compute(ForkJoinPoolHierarchicalTestExecutorService.java:185)\n\tat org.junit.platform.engine.support.hierarchical.ForkJoinPoolHierarchicalTestExecutorService.invokeAll(ForkJoinPoolHierarchicalTestExecutorService.java:129)\n\tat org.junit.platform.engine.support.hierarchical.NodeTestTask.lambda$executeRecursively$5(NodeTestTask.java:143)\n\tat org.junit.platform.engine.support.hierarchical.ThrowableCollector.execute(ThrowableCollector.java:73)\n\tat org.junit.platform.engine.support.hierarchical.NodeTestTask.lambda$executeRecursively$7(NodeTestTask.java:129)\n\tat org.junit.platform.engine.support.hierarchical.Node.around(Node.java:137)\n\tat org.junit.platform.engine.support.hierarchical.NodeTestTask.lambda$executeRecursively$8(NodeTestTask.java:127)\n\tat org.junit.platform.engine.support.hierarchical.ThrowableCollector.execute(ThrowableCollector.java:73)\n\tat org.junit.platform.engine.support.hierarchical.NodeTestTask.executeRecursively(NodeTestTask.java:126)\n\tat org.junit.platform.engine.support.hierarchical.NodeTestTask.execute(NodeTestTask.java:84)\n\tat org.junit.platform.engine.support.hierarchical.ForkJoinPoolHierarchicalTestExecutorService$ExclusiveTask.compute(ForkJoinPoolHierarchicalTestExecutorService.java:185)\n\tat org.junit.platform.engine.support.hierarchical.ForkJoinPoolHierarchicalTestExecutorService.executeNonConcurrentTasks(ForkJoinPoolHierarchicalTestExecutorService.java:155)\n\tat org.junit.platform.engine.support.hierarchical.ForkJoinPoolHierarchicalTestExecutorService.invokeAll(ForkJoinPoolHierarchicalTestExecutorService.java:135)\n\tat org.junit.platform.engine.support.hierarchical.NodeTestTask.lambda$executeRecursively$5(NodeTestTask.java:143)\n\tat org.junit.platform.engine.support.hierarchical.ThrowableCollector.execute(ThrowableCollector.java:73)\n\tat org.junit.platform.engine.support.hierarchical.NodeTestTask.lambda$executeRecursively$7(NodeTestTask.java:129)\n\tat org.junit.platform.engine.support.hierarchical.Node.around(Node.java:137)\n\tat org.junit.platform.engine.support.hierarchical.NodeTestTask.lambda$executeRecursively$8(NodeTestTask.java:127)\n\tat org.junit.platform.engine.support.hierarchical.ThrowableCollector.execute(ThrowableCollector.java:73)\n\tat org.junit.platform.engine.support.hierarchical.NodeTestTask.executeRecursively(NodeTestTask.java:126)\n\tat org.junit.platform.engine.support.hierarchical.NodeTestTask.execute(NodeTestTask.java:84)\n\tat org.junit.platform.engine.support.hierarchical.ForkJoinPoolHierarchicalTestExecutorService$ExclusiveTask.compute(ForkJoinPoolHierarchicalTestExecutorService.java:185)\n\tat java.util.concurrent.RecursiveAction.exec(RecursiveAction.java:189)\n\tat java.util.concurrent.ForkJoinTask.doExec(ForkJoinTask.java:289)\n\tat java.util.concurrent.ForkJoinPool$WorkQueue.runTask(ForkJoinPool.java:1056)\n\tat java.util.concurrent.ForkJoinPool.runWorker(ForkJoinPool.java:1692)\n\tat java.util.concurrent.ForkJoinWorkerThread.run(ForkJoinWorkerThread.java:175)\n",
    "steps" : [ ],
    "attachments" : [ ],
    "parameters" : [ ],
    "shouldDisplayMessage" : true,
    "hasContent" : true,
    "stepsCount" : 0,
    "attachmentsCount" : 0
  } ],
  "labels" : [ {
    "name" : "host",
    "value" : "fv-az77-771"
  }, {
    "name" : "thread",
    "value" : "2881@fv-az77-771.ForkJoinPool-1-worker-1(12)"
  }, {
    "name" : "framework",
    "value" : "junit-platform"
  }, {
    "name" : "language",
    "value" : "java"
  }, {
    "name" : "package",
    "value" : "dataModification.ModificationTest"
  }, {
    "name" : "testClass",
    "value" : "dataModification.ModificationTest"
  }, {
    "name" : "testMethod",
    "value" : "ModificationTest"
  }, {
    "name" : "suite",
    "value" : "dataModification.ModificationTest"
  }, {
    "name" : "resultFormat",
    "value" : "allure2"
  } ],
  "parameters" : [ ],
  "links" : [ ],
  "hidden" : false,
  "retry" : false,
  "extra" : {
    "severity" : "normal",
    "retries" : [ ],
    "categories" : [ {
      "name" : "Test defects",
      "matchedStatuses" : [ ],
      "flaky" : false
    } ],
    "history" : {
      "statistic" : {
        "failed" : 0,
        "broken" : 7,
        "skipped" : 0,
        "passed" : 0,
        "unknown" : 0,
        "total" : 7
      },
      "items" : [ {
        "uid" : "e770d63b8c694abf",
        "reportUrl" : "https://davidkirchknopf.github.io/vizsgaREMEK/6//#testresult/e770d63b8c694abf",
        "status" : "broken",
        "statusDetails" : "The driver is not executable: /home/runner/work/vizsgaREMEK/vizsgaREMEK/src/main/resources/chromedriver",
        "time" : {
          "start" : 1628271973133,
          "stop" : 1628271976144,
          "duration" : 3011
        }
      }, {
        "uid" : "73ac2b86e4fe83a4",
        "reportUrl" : "https://davidkirchknopf.github.io/vizsgaREMEK/5//#testresult/73ac2b86e4fe83a4",
        "status" : "broken",
        "statusDetails" : "The driver is not executable: /home/runner/work/vizsgaREMEK/vizsgaREMEK/src/main/resources/chromedriver.exe",
        "time" : {
          "start" : 1628259598304,
          "stop" : 1628259601306,
          "duration" : 3002
        }
      }, {
        "uid" : "e4863cf6af0a98a9",
        "reportUrl" : "https://davidkirchknopf.github.io/vizsgaREMEK/4//#testresult/e4863cf6af0a98a9",
        "status" : "broken",
        "statusDetails" : "The driver is not executable: /home/runner/work/vizsgaREMEK/vizsgaREMEK/src/main/resources/chromedriver.exe",
        "time" : {
          "start" : 1628258740889,
          "stop" : 1628258743894,
          "duration" : 3005
        }
      }, {
        "uid" : "6d77178f7d351083",
        "reportUrl" : "https://davidkirchknopf.github.io/vizsgaREMEK/3//#testresult/6d77178f7d351083",
        "status" : "broken",
        "statusDetails" : "unknown error: Chrome failed to start: exited abnormally.\n  (unknown error: DevToolsActivePort file doesn't exist)\n  (The process started from chrome location /usr/bin/google-chrome is no longer running, so ChromeDriver is assuming that Chrome has crashed.)\nBuild info: version: '4.0.0-alpha-2', revision: 'f148142cf8', time: '2019-07-01T20:55:26'\nSystem info: host: 'fv-az28-873', ip: '10.1.0.170', os.name: 'Linux', os.arch: 'amd64', os.version: '5.8.0-1039-azure', java.version: '1.8.0_302'\nDriver info: driver.version: ChromeDriver\nremote stacktrace: #0 0x5571ff946a63 <unknown>\n#1 0x5571ff6bb458 <unknown>\n#2 0x5571ff6de2e3 <unknown>\n#3 0x5571ff6d9e9f <unknown>\n#4 0x5571ff713b72 <unknown>\n#5 0x5571ff70dfd3 <unknown>\n#6 0x5571ff6e4514 <unknown>\n#7 0x5571ff6e5505 <unknown>\n#8 0x5571ff972e2e <unknown>\n#9 0x5571ff988886 <unknown>\n#10 0x5571ff973d75 <unknown>\n#11 0x5571ff989d94 <unknown>\n#12 0x5571ff96a8eb <unknown>\n#13 0x5571ff9a4cd8 <unknown>\n#14 0x5571ff9a4e58 <unknown>\n#15 0x5571ff9bedfd <unknown>\n#16 0x7fa9e8ba0609 start_thread\n",
        "time" : {
          "start" : 1628258474282,
          "stop" : 1628258477430,
          "duration" : 3148
        }
      }, {
        "uid" : "3042a49bb10e26a2",
        "reportUrl" : "https://davidkirchknopf.github.io/vizsgaREMEK/2//#testresult/3042a49bb10e26a2",
        "status" : "broken",
        "statusDetails" : "unknown error: Chrome failed to start: exited abnormally.\n  (unknown error: DevToolsActivePort file doesn't exist)\n  (The process started from chrome location /usr/bin/google-chrome is no longer running, so ChromeDriver is assuming that Chrome has crashed.)\nBuild info: version: '4.0.0-alpha-2', revision: 'f148142cf8', time: '2019-07-01T20:55:26'\nSystem info: host: 'fv-az77-771', ip: '10.1.0.5', os.name: 'Linux', os.arch: 'amd64', os.version: '5.8.0-1039-azure', java.version: '1.8.0_302'\nDriver info: driver.version: ChromeDriver\nremote stacktrace: #0 0x5598cf730a63 <unknown>\n#1 0x5598cf4a5458 <unknown>\n#2 0x5598cf4c82e3 <unknown>\n#3 0x5598cf4c3e9f <unknown>\n#4 0x5598cf4fdb72 <unknown>\n#5 0x5598cf4f7fd3 <unknown>\n#6 0x5598cf4ce514 <unknown>\n#7 0x5598cf4cf505 <unknown>\n#8 0x5598cf75ce2e <unknown>\n#9 0x5598cf772886 <unknown>\n#10 0x5598cf75dd75 <unknown>\n#11 0x5598cf773d94 <unknown>\n#12 0x5598cf7548eb <unknown>\n#13 0x5598cf78ecd8 <unknown>\n#14 0x5598cf78ee58 <unknown>\n#15 0x5598cf7a8dfd <unknown>\n#16 0x7f16df01c609 start_thread\n",
        "time" : {
          "start" : 1628258285248,
          "stop" : 1628258288410,
          "duration" : 3162
        }
      }, {
        "uid" : "96750ebd1143e0ea",
        "reportUrl" : "https://davidkirchknopf.github.io/vizsgaREMEK/1//#testresult/96750ebd1143e0ea",
        "status" : "broken",
        "statusDetails" : "unknown error: Chrome failed to start: exited abnormally.\n  (unknown error: DevToolsActivePort file doesn't exist)\n  (The process started from chrome location /usr/bin/google-chrome is no longer running, so ChromeDriver is assuming that Chrome has crashed.)\nBuild info: version: '4.0.0-alpha-2', revision: 'f148142cf8', time: '2019-07-01T20:55:26'\nSystem info: host: 'fv-az39-521', ip: '10.1.0.45', os.name: 'Linux', os.arch: 'amd64', os.version: '5.8.0-1039-azure', java.version: '1.8.0_302'\nDriver info: driver.version: ChromeDriver\nremote stacktrace: #0 0x55bbc3eaca63 <unknown>\n#1 0x55bbc3c21458 <unknown>\n#2 0x55bbc3c442e3 <unknown>\n#3 0x55bbc3c3fe9f <unknown>\n#4 0x55bbc3c79b72 <unknown>\n#5 0x55bbc3c73fd3 <unknown>\n#6 0x55bbc3c4a514 <unknown>\n#7 0x55bbc3c4b505 <unknown>\n#8 0x55bbc3ed8e2e <unknown>\n#9 0x55bbc3eee886 <unknown>\n#10 0x55bbc3ed9d75 <unknown>\n#11 0x55bbc3eefd94 <unknown>\n#12 0x55bbc3ed08eb <unknown>\n#13 0x55bbc3f0acd8 <unknown>\n#14 0x55bbc3f0ae58 <unknown>\n#15 0x55bbc3f24dfd <unknown>\n#16 0x7f54cb115609 start_thread\n",
        "time" : {
          "start" : 1628257515729,
          "stop" : 1628257518873,
          "duration" : 3144
        }
      } ]
    },
    "tags" : [ ]
  },
  "source" : "f9acf988e79b19c8.json",
  "parameterValues" : [ ]
}